<?xml version="1.0" encoding="UTF-8"?>
<testng-results ignored="0" total="1" passed="1" failed="0" skipped="0">
  <reporter-output>
  </reporter-output>
  <suite started-at="2023-04-27T08:59:36 IST" name="Default suite" finished-at="2023-04-27T08:59:36 IST" duration-ms="138">
    <groups>
    </groups>
    <test started-at="2023-04-27T08:59:36 IST" name="Default test" finished-at="2023-04-27T08:59:36 IST" duration-ms="138">
      <class name="DemoPractice.PracticeProgram1">
        <test-method signature="createProgram()[pri:0, instance:DemoPractice.PracticeProgram1@56a6d5a6]" started-at="2023-04-27T08:59:36 IST" name="createProgram" finished-at="2023-04-27T08:59:36 IST" duration-ms="22" status="PASS">
          <reporter-output>
          </reporter-output>
        </test-method> <!-- createProgram -->
      </class> <!-- DemoPractice.PracticeProgram1 -->
    </test> <!-- Default test -->
  </suite> <!-- Default suite -->
</testng-results>
